<?xml version="1.0" encoding="UTF-8"?>
<!-- Generated by org.testng.reporters.JUnitReportReporter -->
<testsuite skipped="0" hostname="INFOVITY-LT-187" name="driverscript.DClass" tests="4" failures="0" timestamp="08 Nov 2019 07:39:25 GMT" time="165.890" errors="0">
  <testcase name="Safari" time="0.046" classname="driverscript.DClass"/>
  <testcase name="Firefox" time="0.047" classname="driverscript.DClass"/>
  <testcase name="Chrome" time="165.750" classname="driverscript.DClass"/>
  <testcase name="IE" time="0.047" classname="driverscript.DClass"/>
</testsuite> <!-- driverscript.DClass -->
